<?xml version="1.0" encoding="UTF-8"?>
<!-- Generated by org.testng.reporters.JUnitReportReporter -->
<testsuite skipped="0" hostname="YAROSLAV" name="olympics.Main" tests="5" failures="0" timestamp="09 Jul 2018 20:24:29 GMT" time="59.209" errors="0">
  <testcase name="medalTable" time="10.041" classname="olympics.Main"/>
  <testcase name="theMost" time="14.987" classname="olympics.Main"/>
  <testcase name="COUNTRY_BY_MEDAL" time="12.130" classname="olympics.Main"/>
  <testcase name="GET_INDEX" time="10.750" classname="olympics.Main"/>
  <testcase name="Sum18" time="11.301" classname="olympics.Main"/>
</testsuite> <!-- olympics.Main -->
